2024-04-02 22:18:56,333 DEBUG [background-preinit][LoggerProviders.java:152] - Logging Provider: org.jboss.logging.Log4j2LoggerProvider
2024-04-02 22:18:56,333 DEBUG [background-preinit][LoggerProviders.java:152] - Logging Provider: org.jboss.logging.Log4j2LoggerProvider
2024-04-02 22:18:56,355 INFO [background-preinit][Version.java:21] - HV000001: Hibernate Validator 6.1.6.Final
2024-04-02 22:18:56,355 INFO [background-preinit][Version.java:21] - HV000001: Hibernate Validator 6.1.6.Final
2024-04-02 22:18:56,363 DEBUG [background-preinit][ValidationXmlParser.java:120] - Trying to load META-INF/validation.xml for XML based Validator configuration.
2024-04-02 22:18:56,363 DEBUG [background-preinit][ValidationXmlParser.java:120] - Trying to load META-INF/validation.xml for XML based Validator configuration.
2024-04-02 22:18:56,365 DEBUG [background-preinit][ResourceLoaderHelper.java:60] - Trying to load META-INF/validation.xml via TCCL
2024-04-02 22:18:56,365 DEBUG [background-preinit][ResourceLoaderHelper.java:60] - Trying to load META-INF/validation.xml via TCCL
2024-04-02 22:18:56,366 DEBUG [background-preinit][ResourceLoaderHelper.java:66] - Trying to load META-INF/validation.xml via Hibernate Validator's class loader
2024-04-02 22:18:56,366 DEBUG [background-preinit][ResourceLoaderHelper.java:66] - Trying to load META-INF/validation.xml via Hibernate Validator's class loader
2024-04-02 22:18:56,367 DEBUG [background-preinit][ValidationXmlParser.java:127] - No META-INF/validation.xml found. Using annotation based configuration only.
2024-04-02 22:18:56,367 DEBUG [background-preinit][ValidationXmlParser.java:127] - No META-INF/validation.xml found. Using annotation based configuration only.
2024-04-02 22:18:56,371 DEBUG [background-preinit][TraversableResolvers.java:60] - Cannot find javax.persistence.Persistence on classpath. Assuming non JPA 2 environment. All properties will per default be traversable.
2024-04-02 22:18:56,371 DEBUG [background-preinit][TraversableResolvers.java:60] - Cannot find javax.persistence.Persistence on classpath. Assuming non JPA 2 environment. All properties will per default be traversable.
2024-04-02 22:18:56,400 DEBUG [background-preinit][ResourceBundleMessageInterpolator.java:172] - Loaded expression factory via original TCCL
2024-04-02 22:18:56,400 DEBUG [background-preinit][ResourceBundleMessageInterpolator.java:172] - Loaded expression factory via original TCCL
2024-04-02 22:18:56,559 DEBUG [background-preinit][ValidatorFactoryConfigurationHelper.java:300] - HV000252: Using org.hibernate.validator.internal.engine.DefaultPropertyNodeNameProvider as property node name provider.
2024-04-02 22:18:56,559 DEBUG [background-preinit][ValidatorFactoryConfigurationHelper.java:300] - HV000252: Using org.hibernate.validator.internal.engine.DefaultPropertyNodeNameProvider as property node name provider.
2024-04-02 22:18:56,566 DEBUG [background-preinit][ValidatorFactoryConfigurationHelper.java:375] - HV000234: Using org.hibernate.validator.messageinterpolation.ResourceBundleMessageInterpolator as ValidatorFactory-scoped message interpolator.
2024-04-02 22:18:56,566 DEBUG [background-preinit][ValidatorFactoryConfigurationHelper.java:375] - HV000234: Using org.hibernate.validator.messageinterpolation.ResourceBundleMessageInterpolator as ValidatorFactory-scoped message interpolator.
2024-04-02 22:18:56,567 DEBUG [background-preinit][ValidatorFactoryConfigurationHelper.java:376] - HV000234: Using org.hibernate.validator.internal.engine.resolver.TraverseAllTraversableResolver as ValidatorFactory-scoped traversable resolver.
2024-04-02 22:18:56,567 DEBUG [background-preinit][ValidatorFactoryConfigurationHelper.java:376] - HV000234: Using org.hibernate.validator.internal.engine.resolver.TraverseAllTraversableResolver as ValidatorFactory-scoped traversable resolver.
2024-04-02 22:18:56,567 DEBUG [background-preinit][ValidatorFactoryConfigurationHelper.java:377] - HV000234: Using org.hibernate.validator.internal.util.ExecutableParameterNameProvider as ValidatorFactory-scoped parameter name provider.
2024-04-02 22:18:56,567 DEBUG [background-preinit][ValidatorFactoryConfigurationHelper.java:377] - HV000234: Using org.hibernate.validator.internal.util.ExecutableParameterNameProvider as ValidatorFactory-scoped parameter name provider.
2024-04-02 22:18:56,568 DEBUG [background-preinit][ValidatorFactoryConfigurationHelper.java:378] - HV000234: Using org.hibernate.validator.internal.engine.DefaultClockProvider as ValidatorFactory-scoped clock provider.
2024-04-02 22:18:56,568 DEBUG [background-preinit][ValidatorFactoryConfigurationHelper.java:378] - HV000234: Using org.hibernate.validator.internal.engine.DefaultClockProvider as ValidatorFactory-scoped clock provider.
2024-04-02 22:18:56,568 DEBUG [background-preinit][ValidatorFactoryConfigurationHelper.java:379] - HV000234: Using org.hibernate.validator.internal.engine.scripting.DefaultScriptEvaluatorFactory as ValidatorFactory-scoped script evaluator factory.
2024-04-02 22:18:56,568 DEBUG [background-preinit][ValidatorFactoryConfigurationHelper.java:379] - HV000234: Using org.hibernate.validator.internal.engine.scripting.DefaultScriptEvaluatorFactory as ValidatorFactory-scoped script evaluator factory.
2024-04-02 22:18:56,875 INFO [main][SpringApplication.java:651] - No active profile set, falling back to default profiles: default
2024-04-02 22:18:56,875 INFO [main][SpringApplication.java:651] - No active profile set, falling back to default profiles: default
2024-04-02 22:18:57,446 DEBUG [main][LogFactory.java:105] - Logging initialized using 'class org.apache.ibatis.logging.slf4j.Slf4jImpl' adapter.
2024-04-02 22:18:57,446 DEBUG [main][LogFactory.java:105] - Logging initialized using 'class org.apache.ibatis.logging.slf4j.Slf4jImpl' adapter.
2024-04-02 22:18:57,534 INFO [main][GenericScope.java:295] - BeanFactory id=6d0ed396-0a90-3012-b9a4-bbe2c0f4a4d9
2024-04-02 22:18:57,534 INFO [main][GenericScope.java:295] - BeanFactory id=6d0ed396-0a90-3012-b9a4-bbe2c0f4a4d9
2024-04-02 22:18:57,826 INFO [main][TomcatWebServer.java:108] - Tomcat initialized with port(s): 63110 (http)
2024-04-02 22:18:57,826 INFO [main][TomcatWebServer.java:108] - Tomcat initialized with port(s): 63110 (http)
2024-04-02 22:18:57,844 INFO [main][DirectJDKLog.java:173] - Initializing ProtocolHandler ["http-nio-63110"]
2024-04-02 22:18:57,844 INFO [main][DirectJDKLog.java:173] - Initializing ProtocolHandler ["http-nio-63110"]
2024-04-02 22:18:57,845 INFO [main][DirectJDKLog.java:173] - Starting service [Tomcat]
2024-04-02 22:18:57,845 INFO [main][DirectJDKLog.java:173] - Starting service [Tomcat]
2024-04-02 22:18:57,845 INFO [main][DirectJDKLog.java:173] - Starting Servlet engine: [Apache Tomcat/9.0.41]
2024-04-02 22:18:57,845 INFO [main][DirectJDKLog.java:173] - Starting Servlet engine: [Apache Tomcat/9.0.41]
2024-04-02 22:18:57,926 INFO [main][DirectJDKLog.java:173] - Initializing Spring embedded WebApplicationContext
2024-04-02 22:18:57,926 INFO [main][DirectJDKLog.java:173] - Initializing Spring embedded WebApplicationContext
2024-04-02 22:18:57,927 INFO [main][ServletWebServerApplicationContext.java:285] - Root WebApplicationContext: initialization completed in 1039 ms
2024-04-02 22:18:57,927 INFO [main][ServletWebServerApplicationContext.java:285] - Root WebApplicationContext: initialization completed in 1039 ms
2024-04-02 22:18:58,035 DEBUG [main][HikariConfig.java:946] - Driver class com.mysql.cj.jdbc.Driver found in Thread context class loader jdk.internal.loader.ClassLoaders$AppClassLoader@36baf30c
2024-04-02 22:18:58,035 DEBUG [main][HikariConfig.java:946] - Driver class com.mysql.cj.jdbc.Driver found in Thread context class loader jdk.internal.loader.ClassLoaders$AppClassLoader@36baf30c
2024-04-02 22:18:58,081 DEBUG [main][Logger.java:49] - Registered plugin: 'com.baomidou.mybatisplus.extension.plugins.MybatisPlusInterceptor@45287377'
2024-04-02 22:18:58,081 DEBUG [main][Logger.java:49] - Registered plugin: 'com.baomidou.mybatisplus.extension.plugins.MybatisPlusInterceptor@45287377'
2024-04-02 22:18:58,082 DEBUG [main][Logger.java:49] - Property 'mapperLocations' was not specified.
2024-04-02 22:18:58,082 DEBUG [main][Logger.java:49] - Property 'mapperLocations' was not specified.
2024-04-02 22:18:58,199 DEBUG [main][MybatisConfiguration.java:128] - addMappedStatement: com.xuecheng.system.mapper.DictionaryMapper.insert
2024-04-02 22:18:58,199 DEBUG [main][MybatisConfiguration.java:128] - addMappedStatement: com.xuecheng.system.mapper.DictionaryMapper.insert
2024-04-02 22:18:58,207 DEBUG [main][MybatisConfiguration.java:128] - addMappedStatement: com.xuecheng.system.mapper.DictionaryMapper.delete
2024-04-02 22:18:58,207 DEBUG [main][MybatisConfiguration.java:128] - addMappedStatement: com.xuecheng.system.mapper.DictionaryMapper.delete
2024-04-02 22:18:58,213 DEBUG [main][MybatisConfiguration.java:128] - addMappedStatement: com.xuecheng.system.mapper.DictionaryMapper.deleteByMap
2024-04-02 22:18:58,213 DEBUG [main][MybatisConfiguration.java:128] - addMappedStatement: com.xuecheng.system.mapper.DictionaryMapper.deleteByMap
2024-04-02 22:18:58,234 DEBUG [main][MybatisConfiguration.java:128] - addMappedStatement: com.xuecheng.system.mapper.DictionaryMapper.deleteById
2024-04-02 22:18:58,234 DEBUG [main][MybatisConfiguration.java:128] - addMappedStatement: com.xuecheng.system.mapper.DictionaryMapper.deleteById
2024-04-02 22:18:58,236 DEBUG [main][MybatisConfiguration.java:128] - addMappedStatement: com.xuecheng.system.mapper.DictionaryMapper.deleteBatchIds
2024-04-02 22:18:58,236 DEBUG [main][MybatisConfiguration.java:128] - addMappedStatement: com.xuecheng.system.mapper.DictionaryMapper.deleteBatchIds
2024-04-02 22:18:58,239 DEBUG [main][MybatisConfiguration.java:128] - addMappedStatement: com.xuecheng.system.mapper.DictionaryMapper.update
2024-04-02 22:18:58,239 DEBUG [main][MybatisConfiguration.java:128] - addMappedStatement: com.xuecheng.system.mapper.DictionaryMapper.update
2024-04-02 22:18:58,242 DEBUG [main][MybatisConfiguration.java:128] - addMappedStatement: com.xuecheng.system.mapper.DictionaryMapper.updateById
2024-04-02 22:18:58,242 DEBUG [main][MybatisConfiguration.java:128] - addMappedStatement: com.xuecheng.system.mapper.DictionaryMapper.updateById
2024-04-02 22:18:58,242 DEBUG [main][MybatisConfiguration.java:128] - addMappedStatement: com.xuecheng.system.mapper.DictionaryMapper.selectById
2024-04-02 22:18:58,242 DEBUG [main][MybatisConfiguration.java:128] - addMappedStatement: com.xuecheng.system.mapper.DictionaryMapper.selectById
2024-04-02 22:18:58,244 DEBUG [main][MybatisConfiguration.java:128] - addMappedStatement: com.xuecheng.system.mapper.DictionaryMapper.selectBatchIds
2024-04-02 22:18:58,244 DEBUG [main][MybatisConfiguration.java:128] - addMappedStatement: com.xuecheng.system.mapper.DictionaryMapper.selectBatchIds
2024-04-02 22:18:58,246 DEBUG [main][MybatisConfiguration.java:128] - addMappedStatement: com.xuecheng.system.mapper.DictionaryMapper.selectByMap
2024-04-02 22:18:58,246 DEBUG [main][MybatisConfiguration.java:128] - addMappedStatement: com.xuecheng.system.mapper.DictionaryMapper.selectByMap
2024-04-02 22:18:58,248 DEBUG [main][MybatisConfiguration.java:128] - addMappedStatement: com.xuecheng.system.mapper.DictionaryMapper.selectOne
2024-04-02 22:18:58,248 DEBUG [main][MybatisConfiguration.java:128] - addMappedStatement: com.xuecheng.system.mapper.DictionaryMapper.selectOne
2024-04-02 22:18:58,250 DEBUG [main][MybatisConfiguration.java:128] - addMappedStatement: com.xuecheng.system.mapper.DictionaryMapper.selectCount
2024-04-02 22:18:58,250 DEBUG [main][MybatisConfiguration.java:128] - addMappedStatement: com.xuecheng.system.mapper.DictionaryMapper.selectCount
2024-04-02 22:18:58,252 DEBUG [main][MybatisConfiguration.java:128] - addMappedStatement: com.xuecheng.system.mapper.DictionaryMapper.selectMaps
2024-04-02 22:18:58,252 DEBUG [main][MybatisConfiguration.java:128] - addMappedStatement: com.xuecheng.system.mapper.DictionaryMapper.selectMaps
2024-04-02 22:18:58,254 DEBUG [main][MybatisConfiguration.java:128] - addMappedStatement: com.xuecheng.system.mapper.DictionaryMapper.selectMapsPage
2024-04-02 22:18:58,254 DEBUG [main][MybatisConfiguration.java:128] - addMappedStatement: com.xuecheng.system.mapper.DictionaryMapper.selectMapsPage
2024-04-02 22:18:58,257 DEBUG [main][MybatisConfiguration.java:128] - addMappedStatement: com.xuecheng.system.mapper.DictionaryMapper.selectObjs
2024-04-02 22:18:58,257 DEBUG [main][MybatisConfiguration.java:128] - addMappedStatement: com.xuecheng.system.mapper.DictionaryMapper.selectObjs
2024-04-02 22:18:58,260 DEBUG [main][MybatisConfiguration.java:128] - addMappedStatement: com.xuecheng.system.mapper.DictionaryMapper.selectList
2024-04-02 22:18:58,260 DEBUG [main][MybatisConfiguration.java:128] - addMappedStatement: com.xuecheng.system.mapper.DictionaryMapper.selectList
2024-04-02 22:18:58,262 DEBUG [main][MybatisConfiguration.java:128] - addMappedStatement: com.xuecheng.system.mapper.DictionaryMapper.selectPage
2024-04-02 22:18:58,262 DEBUG [main][MybatisConfiguration.java:128] - addMappedStatement: com.xuecheng.system.mapper.DictionaryMapper.selectPage
2024-04-02 22:18:58,677 INFO [main][PropertySourcedRequestMappingHandlerMapping.java:69] - Mapped URL path [/v2/api-docs] onto method [springfox.documentation.swagger2.web.Swagger2Controller#getDocumentation(String, HttpServletRequest)]
2024-04-02 22:18:58,677 INFO [main][PropertySourcedRequestMappingHandlerMapping.java:69] - Mapped URL path [/v2/api-docs] onto method [springfox.documentation.swagger2.web.Swagger2Controller#getDocumentation(String, HttpServletRequest)]
2024-04-02 22:18:58,731 DEBUG [main][ResourceBundleMessageInterpolator.java:172] - Loaded expression factory via original TCCL
2024-04-02 22:18:58,731 DEBUG [main][ResourceBundleMessageInterpolator.java:172] - Loaded expression factory via original TCCL
2024-04-02 22:18:58,733 DEBUG [main][AbstractConfigurationImpl.java:171] - Setting custom MessageInterpolator of type org.springframework.validation.beanvalidation.LocaleContextMessageInterpolator
2024-04-02 22:18:58,733 DEBUG [main][AbstractConfigurationImpl.java:171] - Setting custom MessageInterpolator of type org.springframework.validation.beanvalidation.LocaleContextMessageInterpolator
2024-04-02 22:18:58,734 DEBUG [main][AbstractConfigurationImpl.java:203] - Setting custom ConstraintValidatorFactory of type org.springframework.validation.beanvalidation.SpringConstraintValidatorFactory
2024-04-02 22:18:58,734 DEBUG [main][AbstractConfigurationImpl.java:203] - Setting custom ConstraintValidatorFactory of type org.springframework.validation.beanvalidation.SpringConstraintValidatorFactory
2024-04-02 22:18:58,735 DEBUG [main][AbstractConfigurationImpl.java:217] - Setting custom ParameterNameProvider of type org.springframework.validation.beanvalidation.LocalValidatorFactoryBean$1
2024-04-02 22:18:58,735 DEBUG [main][AbstractConfigurationImpl.java:217] - Setting custom ParameterNameProvider of type org.springframework.validation.beanvalidation.LocalValidatorFactoryBean$1
2024-04-02 22:18:58,736 DEBUG [main][ValidationXmlParser.java:120] - Trying to load META-INF/validation.xml for XML based Validator configuration.
2024-04-02 22:18:58,736 DEBUG [main][ValidationXmlParser.java:120] - Trying to load META-INF/validation.xml for XML based Validator configuration.
2024-04-02 22:18:58,737 DEBUG [main][ResourceLoaderHelper.java:53] - Trying to load META-INF/validation.xml via user class loader
2024-04-02 22:18:58,737 DEBUG [main][ResourceLoaderHelper.java:53] - Trying to load META-INF/validation.xml via user class loader
2024-04-02 22:18:58,737 DEBUG [main][ResourceLoaderHelper.java:60] - Trying to load META-INF/validation.xml via TCCL
2024-04-02 22:18:58,737 DEBUG [main][ResourceLoaderHelper.java:60] - Trying to load META-INF/validation.xml via TCCL
2024-04-02 22:18:58,737 DEBUG [main][ResourceLoaderHelper.java:66] - Trying to load META-INF/validation.xml via Hibernate Validator's class loader
2024-04-02 22:18:58,737 DEBUG [main][ResourceLoaderHelper.java:66] - Trying to load META-INF/validation.xml via Hibernate Validator's class loader
2024-04-02 22:18:58,738 DEBUG [main][ValidationXmlParser.java:127] - No META-INF/validation.xml found. Using annotation based configuration only.
2024-04-02 22:18:58,738 DEBUG [main][ValidationXmlParser.java:127] - No META-INF/validation.xml found. Using annotation based configuration only.
2024-04-02 22:18:58,739 DEBUG [main][TraversableResolvers.java:60] - Cannot find javax.persistence.Persistence on classpath. Assuming non JPA 2 environment. All properties will per default be traversable.
2024-04-02 22:18:58,739 DEBUG [main][TraversableResolvers.java:60] - Cannot find javax.persistence.Persistence on classpath. Assuming non JPA 2 environment. All properties will per default be traversable.
2024-04-02 22:18:58,741 DEBUG [main][ValidatorFactoryConfigurationHelper.java:300] - HV000252: Using org.hibernate.validator.internal.engine.DefaultPropertyNodeNameProvider as property node name provider.
2024-04-02 22:18:58,741 DEBUG [main][ValidatorFactoryConfigurationHelper.java:300] - HV000252: Using org.hibernate.validator.internal.engine.DefaultPropertyNodeNameProvider as property node name provider.
2024-04-02 22:18:58,742 DEBUG [main][ValidatorFactoryConfigurationHelper.java:375] - HV000234: Using org.springframework.validation.beanvalidation.LocaleContextMessageInterpolator as ValidatorFactory-scoped message interpolator.
2024-04-02 22:18:58,742 DEBUG [main][ValidatorFactoryConfigurationHelper.java:375] - HV000234: Using org.springframework.validation.beanvalidation.LocaleContextMessageInterpolator as ValidatorFactory-scoped message interpolator.
2024-04-02 22:18:58,743 DEBUG [main][ValidatorFactoryConfigurationHelper.java:376] - HV000234: Using org.hibernate.validator.internal.engine.resolver.TraverseAllTraversableResolver as ValidatorFactory-scoped traversable resolver.
2024-04-02 22:18:58,743 DEBUG [main][ValidatorFactoryConfigurationHelper.java:376] - HV000234: Using org.hibernate.validator.internal.engine.resolver.TraverseAllTraversableResolver as ValidatorFactory-scoped traversable resolver.
2024-04-02 22:18:58,743 DEBUG [main][ValidatorFactoryConfigurationHelper.java:377] - HV000234: Using org.hibernate.validator.internal.util.ExecutableParameterNameProvider as ValidatorFactory-scoped parameter name provider.
2024-04-02 22:18:58,743 DEBUG [main][ValidatorFactoryConfigurationHelper.java:377] - HV000234: Using org.hibernate.validator.internal.util.ExecutableParameterNameProvider as ValidatorFactory-scoped parameter name provider.
2024-04-02 22:18:58,743 DEBUG [main][ValidatorFactoryConfigurationHelper.java:378] - HV000234: Using org.hibernate.validator.internal.engine.DefaultClockProvider as ValidatorFactory-scoped clock provider.
2024-04-02 22:18:58,743 DEBUG [main][ValidatorFactoryConfigurationHelper.java:378] - HV000234: Using org.hibernate.validator.internal.engine.DefaultClockProvider as ValidatorFactory-scoped clock provider.
2024-04-02 22:18:58,743 DEBUG [main][ValidatorFactoryConfigurationHelper.java:379] - HV000234: Using org.hibernate.validator.internal.engine.scripting.DefaultScriptEvaluatorFactory as ValidatorFactory-scoped script evaluator factory.
2024-04-02 22:18:58,743 DEBUG [main][ValidatorFactoryConfigurationHelper.java:379] - HV000234: Using org.hibernate.validator.internal.engine.scripting.DefaultScriptEvaluatorFactory as ValidatorFactory-scoped script evaluator factory.
2024-04-02 22:18:58,817 INFO [main][ExecutorConfigurationSupport.java:181] - Initializing ExecutorService 'applicationTaskExecutor'
2024-04-02 22:18:58,817 INFO [main][ExecutorConfigurationSupport.java:181] - Initializing ExecutorService 'applicationTaskExecutor'
2024-04-02 22:18:58,967 INFO [main][ExecutorConfigurationSupport.java:181] - Initializing ExecutorService 'taskScheduler'
2024-04-02 22:18:58,967 INFO [main][ExecutorConfigurationSupport.java:181] - Initializing ExecutorService 'taskScheduler'
2024-04-02 22:18:59,041 INFO [main][DirectJDKLog.java:173] - Starting ProtocolHandler ["http-nio-63110"]
2024-04-02 22:18:59,041 INFO [main][DirectJDKLog.java:173] - Starting ProtocolHandler ["http-nio-63110"]
2024-04-02 22:18:59,100 INFO [main][TomcatWebServer.java:220] - Tomcat started on port(s): 63110 (http) with context path '/system'
2024-04-02 22:18:59,100 INFO [main][TomcatWebServer.java:220] - Tomcat started on port(s): 63110 (http) with context path '/system'
2024-04-02 22:18:59,102 INFO [main][DocumentationPluginsBootstrapper.java:160] - Context refreshed
2024-04-02 22:18:59,102 INFO [main][DocumentationPluginsBootstrapper.java:160] - Context refreshed
2024-04-02 22:18:59,119 INFO [main][DocumentationPluginsBootstrapper.java:163] - Found 1 custom documentation plugin(s)
2024-04-02 22:18:59,119 INFO [main][DocumentationPluginsBootstrapper.java:163] - Found 1 custom documentation plugin(s)
2024-04-02 22:18:59,155 INFO [main][ApiListingReferenceScanner.java:41] - Scanning for api listing references
2024-04-02 22:18:59,155 INFO [main][ApiListingReferenceScanner.java:41] - Scanning for api listing references
2024-04-02 22:18:59,177 INFO [main][StartupInfoLogger.java:61] - Started SystemApplication in 3.442 seconds (JVM running for 4.445)
2024-04-02 22:18:59,177 INFO [main][StartupInfoLogger.java:61] - Started SystemApplication in 3.442 seconds (JVM running for 4.445)
